---------------------------------------------------------------
[ 2020-01-09T12:09:50+08:00 ] 127.0.0.1 127.0.0.1 POST /v1/getRouteList
[ info ] travel.com/v1/getRouteList [运行时间：1.063772s][吞吐率：0.94req/s] [内存消耗：3,618.33kb] [文件加载：59]
[ info ] [ LANG ] F:\phpstudy_pro\WWW\travel_order\thinkphp\lang\zh-cn.php
[ info ] [ ROUTE ] array (
  'type' => 'module',
  'module' => 
  array (
    0 => 'index',
    1 => 'Route',
    2 => 'getRouteList',
  ),
  'convert' => false,
)
[ info ] [ HEADER ] array (
  'accept-language' => 'zh-CN,zh;q=0.9,en;q=0.8',
  'accept-encoding' => 'gzip, deflate',
  'accept' => '*/*',
  'content-type' => 'text/plain;charset=UTF-8',
  'user-agent' => 'Mozilla/5.0 (Windows NT 10.0; Win64; x64) AppleWebKit/537.36 (KHTML, like Gecko) Chrome/79.0.3945.88 Safari/537.36',
  'origin' => 'chrome-extension://coohjcphdfgbiolnekdpbcijmhambjff',
  'cache-control' => 'no-cache',
  'content-length' => '48',
  'connection' => 'close',
  'host' => 'travel.com',
)
[ info ] [ PARAM ] array (
  '/v1/getRouteList' => '',
)
[ info ] [ DB ] INIT mysql
[ info ] [ RUN ] app\index\controller\Route->getRouteList[ F:\phpstudy_pro\WWW\travel_order\application\index\controller\Route.php ]
[ info ] [ LOG ] INIT File
[ sql ] [ DB ] CONNECT:[ UseTime:0.054213s ] mysql:dbname=db_travelOrder;host=101.132.180.215;charset=utf8
[ sql ] [ SQL ] SHOW COLUMNS FROM `order` [ RunTime:0.032504s ]
[ sql ] [ SQL ] UPDATE `order`  SET `order_state`=3  WHERE (  `order_state` IN (1,2,10)  AND `create_time` <= 1578370189 ) AND `order`.`delete_time` IS NULL [ RunTime:0.035927s ]
[ sql ] [ SQL ] SHOW COLUMNS FROM `route` [ RunTime:0.033296s ]
[ sql ] [ SQL ] SELECT `route_id`,`route_type`,`area_id`,`region_id`,`international_id`,`country_id`,`route_name`,`route_slogan`,`route_describe`,route_type.name route_type_name,`pc_banner2`,`strength_number`,`culture_number`,`edition_info`,`standard_price`,`age_info`,`route_img`,`mobile_banner`,`pc_banner`,`route_file`,`route_theme_id`,`recommend_config`,`time_length`,`route_class`,`route`.`state`,`route_survey`,`english_shorthand`,`route_video`,`be_similar`,`group_customization`,`style_type`,`price_title`,`people_number_title`,`style_img`,`pc_list_img`,`trip_name` FROM `route` `route` INNER JOIN `route_type` `route_type` ON `route_type`.`type`=`route`.`route_type` WHERE (  `route`.`state` = 1 ) AND `route`.`delete_time` IS NULL ORDER BY `route`.`order_list` LIMIT 15,3 [ RunTime:0.033594s ]
[ sql ] [ SQL ] SHOW COLUMNS FROM `route_trip` [ RunTime:0.032671s ]
[ sql ] [ SQL ] SELECT COUNT(*) AS tp_count FROM `route_trip` WHERE (  `route_id` = 369  AND `state` = '1' ) AND `route_trip`.`delete_time` IS NULL LIMIT 1 [ RunTime:0.031561s ]
[ sql ] [ SQL ] SHOW COLUMNS FROM `file_info` [ RunTime:0.032534s ]
[ sql ] [ SQL ] SELECT `url` FROM `file_info` WHERE (  `file_id` IN (1032) ) AND `file_info`.`delete_time` IS NULL [ RunTime:0.032252s ]
[ sql ] [ SQL ] SELECT `url` FROM `file_info` WHERE (  `file_id` = 1033 ) AND `file_info`.`delete_time` IS NULL LIMIT 1 [ RunTime:0.032341s ]
[ sql ] [ SQL ] SELECT `url` FROM `file_info` WHERE (  `file_id` IN (1035) ) AND `file_info`.`delete_time` IS NULL [ RunTime:0.032086s ]
[ sql ] [ SQL ] SELECT `url` FROM `file_info` WHERE (  `file_id` IN (1036,1037,1038) ) AND `file_info`.`delete_time` IS NULL [ RunTime:0.032289s ]
[ sql ] [ SQL ] SELECT `url` FROM `file_info` WHERE (  `file_id` = 1039 ) AND `file_info`.`delete_time` IS NULL LIMIT 1 [ RunTime:0.032298s ]
[ sql ] [ SQL ] SELECT COUNT(*) AS tp_count FROM `route_trip` WHERE (  `route_id` = 388  AND `state` = '1' ) AND `route_trip`.`delete_time` IS NULL LIMIT 1 [ RunTime:0.032070s ]
[ sql ] [ SQL ] SELECT `url` FROM `file_info` WHERE (  `file_id` IN (1279) ) AND `file_info`.`delete_time` IS NULL [ RunTime:0.032007s ]
[ sql ] [ SQL ] SELECT `url` FROM `file_info` WHERE (  `file_id` = 1280 ) AND `file_info`.`delete_time` IS NULL LIMIT 1 [ RunTime:0.032220s ]
[ sql ] [ SQL ] SELECT `url` FROM `file_info` WHERE (  `file_id` IN (1282) ) AND `file_info`.`delete_time` IS NULL [ RunTime:0.031436s ]
[ sql ] [ SQL ] SELECT `url` FROM `file_info` WHERE (  `file_id` IN (1283) ) AND `file_info`.`delete_time` IS NULL [ RunTime:0.032063s ]
[ sql ] [ SQL ] SELECT `url` FROM `file_info` WHERE (  `file_id` = 1284 ) AND `file_info`.`delete_time` IS NULL LIMIT 1 [ RunTime:0.031961s ]
[ sql ] [ SQL ] SELECT COUNT(*) AS tp_count FROM `route_trip` WHERE (  `route_id` = 379  AND `state` = '1' ) AND `route_trip`.`delete_time` IS NULL LIMIT 1 [ RunTime:0.032244s ]
[ sql ] [ SQL ] SELECT `url` FROM `file_info` WHERE (  `file_id` IN (1156) ) AND `file_info`.`delete_time` IS NULL [ RunTime:0.032111s ]
[ sql ] [ SQL ] SELECT `url` FROM `file_info` WHERE (  `file_id` = 1157 ) AND `file_info`.`delete_time` IS NULL LIMIT 1 [ RunTime:0.032338s ]
[ sql ] [ SQL ] SELECT `url` FROM `file_info` WHERE (  `file_id` IN (1159) ) AND `file_info`.`delete_time` IS NULL [ RunTime:0.032047s ]
[ sql ] [ SQL ] SELECT `url` FROM `file_info` WHERE (  `file_id` IN (1160) ) AND `file_info`.`delete_time` IS NULL [ RunTime:0.031947s ]
[ sql ] [ SQL ] SELECT `url` FROM `file_info` WHERE (  `file_id` = 1161 ) AND `file_info`.`delete_time` IS NULL LIMIT 1 [ RunTime:0.032199s ]
[ sql ] [ SQL ] SELECT COUNT(*) AS tp_count FROM `route` `route` INNER JOIN `route_type` `route_type` ON `route_type`.`type`=`route`.`route_type` WHERE (  `route`.`state` = 1 ) AND `route`.`delete_time` IS NULL LIMIT 1 [ RunTime:0.031641s ]
---------------------------------------------------------------
[ 2020-01-09T12:09:59+08:00 ] 127.0.0.1 127.0.0.1 POST /v1/getRouteList
[ info ] travel.com/v1/getRouteList [运行时间：0.966099s][吞吐率：1.04req/s] [内存消耗：3,543.26kb] [文件加载：59]
[ info ] [ LANG ] F:\phpstudy_pro\WWW\travel_order\thinkphp\lang\zh-cn.php
[ info ] [ ROUTE ] array (
  'type' => 'module',
  'module' => 
  array (
    0 => 'index',
    1 => 'Route',
    2 => 'getRouteList',
  ),
  'convert' => false,
)
[ info ] [ HEADER ] array (
  'accept-language' => 'zh-CN,zh;q=0.9,en;q=0.8',
  'accept-encoding' => 'gzip, deflate',
  'accept' => '*/*',
  'content-type' => 'text/plain;charset=UTF-8',
  'user-agent' => 'Mozilla/5.0 (Windows NT 10.0; Win64; x64) AppleWebKit/537.36 (KHTML, like Gecko) Chrome/79.0.3945.88 Safari/537.36',
  'origin' => 'chrome-extension://coohjcphdfgbiolnekdpbcijmhambjff',
  'cache-control' => 'no-cache',
  'content-length' => '48',
  'connection' => 'close',
  'host' => 'travel.com',
)
[ info ] [ PARAM ] array (
  '/v1/getRouteList' => '',
)
[ info ] [ DB ] INIT mysql
[ info ] [ RUN ] app\index\controller\Route->getRouteList[ F:\phpstudy_pro\WWW\travel_order\application\index\controller\Route.php ]
[ info ] [ LOG ] INIT File
[ sql ] [ DB ] CONNECT:[ UseTime:0.048877s ] mysql:dbname=db_travelOrder;host=101.132.180.215;charset=utf8
[ sql ] [ SQL ] SHOW COLUMNS FROM `order` [ RunTime:0.033062s ]
[ sql ] [ SQL ] UPDATE `order`  SET `order_state`=3  WHERE (  `order_state` IN (1,2,10)  AND `create_time` <= 1578370198 ) AND `order`.`delete_time` IS NULL [ RunTime:0.035835s ]
[ sql ] [ SQL ] SHOW COLUMNS FROM `route` [ RunTime:0.034041s ]
[ sql ] [ SQL ] SELECT `route_id`,`route_type`,`area_id`,`region_id`,`international_id`,`country_id`,`route_name`,`route_slogan`,`route_describe`,route_type.name route_type_name,`pc_banner2`,`strength_number`,`culture_number`,`edition_info`,`standard_price`,`age_info`,`route_img`,`mobile_banner`,`pc_banner`,`route_file`,`route_theme_id`,`recommend_config`,`time_length`,`route_class`,`route`.`state`,`route_survey`,`english_shorthand`,`route_video`,`be_similar`,`group_customization`,`style_type`,`price_title`,`people_number_title`,`style_img`,`pc_list_img`,`trip_name` FROM `route` `route` INNER JOIN `route_type` `route_type` ON `route_type`.`type`=`route`.`route_type` WHERE (  `route`.`state` = 1 ) AND `route`.`delete_time` IS NULL ORDER BY `route`.`order_list` LIMIT 0,3 [ RunTime:0.034580s ]
[ sql ] [ SQL ] SHOW COLUMNS FROM `route_trip` [ RunTime:0.045506s ]
[ sql ] [ SQL ] SELECT COUNT(*) AS tp_count FROM `route_trip` WHERE (  `route_id` = 358  AND `state` = '1' ) AND `route_trip`.`delete_time` IS NULL LIMIT 1 [ RunTime:0.032300s ]
[ sql ] [ SQL ] SHOW COLUMNS FROM `file_info` [ RunTime:0.033162s ]
[ sql ] [ SQL ] SELECT `url` FROM `file_info` WHERE (  `file_id` IN (907) ) AND `file_info`.`delete_time` IS NULL [ RunTime:0.031684s ]
[ sql ] [ SQL ] SELECT `url` FROM `file_info` WHERE (  `file_id` = 908 ) AND `file_info`.`delete_time` IS NULL LIMIT 1 [ RunTime:0.031893s ]
[ sql ] [ SQL ] SELECT `url` FROM `file_info` WHERE (  `file_id` IN (910) ) AND `file_info`.`delete_time` IS NULL [ RunTime:0.032710s ]
[ sql ] [ SQL ] SELECT `url` FROM `file_info` WHERE (  `file_id` IN (911) ) AND `file_info`.`delete_time` IS NULL [ RunTime:0.032813s ]
[ sql ] [ SQL ] SELECT `url` FROM `file_info` WHERE (  `file_id` = 912 ) AND `file_info`.`delete_time` IS NULL LIMIT 1 [ RunTime:0.032140s ]
[ sql ] [ SQL ] SELECT COUNT(*) AS tp_count FROM `route_trip` WHERE (  `route_id` = 361  AND `state` = '1' ) AND `route_trip`.`delete_time` IS NULL LIMIT 1 [ RunTime:0.032501s ]
[ sql ] [ SQL ] SELECT `url` FROM `file_info` WHERE (  `file_id` IN (914) ) AND `file_info`.`delete_time` IS NULL [ RunTime:0.032980s ]
[ sql ] [ SQL ] SELECT `url` FROM `file_info` WHERE (  `file_id` = 917 ) AND `file_info`.`delete_time` IS NULL LIMIT 1 [ RunTime:0.033152s ]
[ sql ] [ SQL ] SELECT `url` FROM `file_info` WHERE (  `file_id` IN (918) ) AND `file_info`.`delete_time` IS NULL [ RunTime:0.035667s ]
[ sql ] [ SQL ] SELECT `url` FROM `file_info` WHERE (  `file_id` IN (919) ) AND `file_info`.`delete_time` IS NULL [ RunTime:0.031958s ]
[ sql ] [ SQL ] SELECT `url` FROM `file_info` WHERE (  `file_id` = 920 ) AND `file_info`.`delete_time` IS NULL LIMIT 1 [ RunTime:0.033026s ]
[ sql ] [ SQL ] SELECT COUNT(*) AS tp_count FROM `route_trip` WHERE (  `route_id` = 359  AND `state` = '1' ) AND `route_trip`.`delete_time` IS NULL LIMIT 1 [ RunTime:0.032253s ]
[ sql ] [ SQL ] SELECT `url` FROM `file_info` WHERE (  `file_id` IN (969) ) AND `file_info`.`delete_time` IS NULL [ RunTime:0.033344s ]
[ sql ] [ SQL ] SELECT `url` FROM `file_info` WHERE (  `file_id` = 970 ) AND `file_info`.`delete_time` IS NULL LIMIT 1 [ RunTime:0.032065s ]
[ sql ] [ SQL ] SELECT `url` FROM `file_info` WHERE (  `file_id` IN (953) ) AND `file_info`.`delete_time` IS NULL [ RunTime:0.032247s ]
[ sql ] [ SQL ] SELECT `url` FROM `file_info` WHERE (  `file_id` IN (954,955,972) ) AND `file_info`.`delete_time` IS NULL [ RunTime:0.032639s ]
[ sql ] [ SQL ] SELECT `url` FROM `file_info` WHERE (  `file_id` = 971 ) AND `file_info`.`delete_time` IS NULL LIMIT 1 [ RunTime:0.031872s ]
[ sql ] [ SQL ] SELECT COUNT(*) AS tp_count FROM `route` `route` INNER JOIN `route_type` `route_type` ON `route_type`.`type`=`route`.`route_type` WHERE (  `route`.`state` = 1 ) AND `route`.`delete_time` IS NULL LIMIT 1 [ RunTime:0.032213s ]
---------------------------------------------------------------
[ 2020-01-09T12:11:00+08:00 ] 127.0.0.1 127.0.0.1 POST /v1/getRouteList
[ info ] travel.com/v1/getRouteList [运行时间：0.249237s][吞吐率：4.01req/s] [内存消耗：3,441.06kb] [文件加载：58]
[ info ] [ LANG ] F:\phpstudy_pro\WWW\travel_order\thinkphp\lang\zh-cn.php
[ info ] [ ROUTE ] array (
  'type' => 'module',
  'module' => 
  array (
    0 => 'index',
    1 => 'Route',
    2 => 'getRouteList',
  ),
  'convert' => false,
)
[ info ] [ HEADER ] array (
  'accept-language' => 'zh-CN,zh;q=0.9,en;q=0.8',
  'accept-encoding' => 'gzip, deflate',
  'accept' => '*/*',
  'content-type' => 'text/plain;charset=UTF-8',
  'user-agent' => 'Mozilla/5.0 (Windows NT 10.0; Win64; x64) AppleWebKit/537.36 (KHTML, like Gecko) Chrome/79.0.3945.88 Safari/537.36',
  'origin' => 'chrome-extension://coohjcphdfgbiolnekdpbcijmhambjff',
  'cache-control' => 'no-cache',
  'content-length' => '48',
  'connection' => 'close',
  'host' => 'travel.com',
)
[ info ] [ PARAM ] array (
  '/v1/getRouteList' => '',
)
[ info ] [ DB ] INIT mysql
[ info ] [ RUN ] app\index\controller\Route->getRouteList[ F:\phpstudy_pro\WWW\travel_order\application\index\controller\Route.php ]
[ info ] [ LOG ] INIT File
[ sql ] [ DB ] CONNECT:[ UseTime:0.047946s ] mysql:dbname=db_travelOrder;host=101.132.180.215;charset=utf8
[ sql ] [ SQL ] SHOW COLUMNS FROM `order` [ RunTime:0.031340s ]
[ sql ] [ SQL ] UPDATE `order`  SET `order_state`=3  WHERE (  `order_state` IN (1,2,10)  AND `create_time` <= 1578370260 ) AND `order`.`delete_time` IS NULL [ RunTime:0.034486s ]
---------------------------------------------------------------
[ 2020-01-09T12:14:10+08:00 ] 127.0.0.1 127.0.0.1 POST /v1/getRouteList
[ info ] travel.com/v1/getRouteList [运行时间：0.243569s][吞吐率：4.11req/s] [内存消耗：3,441.12kb] [文件加载：58]
[ info ] [ LANG ] F:\phpstudy_pro\WWW\travel_order\thinkphp\lang\zh-cn.php
[ info ] [ ROUTE ] array (
  'type' => 'module',
  'module' => 
  array (
    0 => 'index',
    1 => 'Route',
    2 => 'getRouteList',
  ),
  'convert' => false,
)
[ info ] [ HEADER ] array (
  'accept-language' => 'zh-CN,zh;q=0.9,en;q=0.8',
  'accept-encoding' => 'gzip, deflate',
  'accept' => '*/*',
  'content-type' => 'text/plain;charset=UTF-8',
  'user-agent' => 'Mozilla/5.0 (Windows NT 10.0; Win64; x64) AppleWebKit/537.36 (KHTML, like Gecko) Chrome/79.0.3945.88 Safari/537.36',
  'origin' => 'chrome-extension://coohjcphdfgbiolnekdpbcijmhambjff',
  'cache-control' => 'no-cache',
  'content-length' => '48',
  'connection' => 'close',
  'host' => 'travel.com',
)
[ info ] [ PARAM ] array (
  '/v1/getRouteList' => '',
)
[ info ] [ DB ] INIT mysql
[ info ] [ RUN ] app\index\controller\Route->getRouteList[ F:\phpstudy_pro\WWW\travel_order\application\index\controller\Route.php ]
[ info ] [ LOG ] INIT File
[ sql ] [ DB ] CONNECT:[ UseTime:0.061403s ] mysql:dbname=db_travelOrder;host=101.132.180.215;charset=utf8
[ sql ] [ SQL ] SHOW COLUMNS FROM `order` [ RunTime:0.040119s ]
[ sql ] [ SQL ] UPDATE `order`  SET `order_state`=3  WHERE (  `order_state` IN (1,2,10)  AND `create_time` <= 1578370450 ) AND `order`.`delete_time` IS NULL [ RunTime:0.043011s ]
---------------------------------------------------------------
[ 2020-01-09T12:14:28+08:00 ] 127.0.0.1 127.0.0.1 POST /v1/getRouteList
[ info ] travel.com/v1/getRouteList [运行时间：0.589641s][吞吐率：1.70req/s] [内存消耗：3,598.73kb] [文件加载：59]
[ info ] [ LANG ] F:\phpstudy_pro\WWW\travel_order\thinkphp\lang\zh-cn.php
[ info ] [ ROUTE ] array (
  'type' => 'module',
  'module' => 
  array (
    0 => 'index',
    1 => 'Route',
    2 => 'getRouteList',
  ),
  'convert' => false,
)
[ info ] [ HEADER ] array (
  'accept-language' => 'zh-CN,zh;q=0.9,en;q=0.8',
  'accept-encoding' => 'gzip, deflate',
  'accept' => '*/*',
  'content-type' => 'text/plain;charset=UTF-8',
  'user-agent' => 'Mozilla/5.0 (Windows NT 10.0; Win64; x64) AppleWebKit/537.36 (KHTML, like Gecko) Chrome/79.0.3945.88 Safari/537.36',
  'origin' => 'chrome-extension://coohjcphdfgbiolnekdpbcijmhambjff',
  'cache-control' => 'no-cache',
  'content-length' => '48',
  'connection' => 'close',
  'host' => 'travel.com',
)
[ info ] [ PARAM ] array (
  '/v1/getRouteList' => '',
)
[ info ] [ DB ] INIT mysql
[ info ] [ RUN ] app\index\controller\Route->getRouteList[ F:\phpstudy_pro\WWW\travel_order\application\index\controller\Route.php ]
[ info ] [ LOG ] INIT File
[ sql ] [ DB ] CONNECT:[ UseTime:0.051575s ] mysql:dbname=db_travelOrder;host=101.132.180.215;charset=utf8
[ sql ] [ SQL ] SHOW COLUMNS FROM `order` [ RunTime:0.033958s ]
[ sql ] [ SQL ] UPDATE `order`  SET `order_state`=3  WHERE (  `order_state` IN (1,2,10)  AND `create_time` <= 1578370467 ) AND `order`.`delete_time` IS NULL [ RunTime:0.036778s ]
[ sql ] [ SQL ] SHOW COLUMNS FROM `route` [ RunTime:0.032421s ]
[ sql ] [ SQL ] SELECT `route_id`,`route_type`,`area_id`,`region_id`,`international_id`,`country_id`,`route_name`,`route_slogan`,`route_describe`,route_type.name route_type_name,`pc_banner2`,`strength_number`,`culture_number`,`edition_info`,`standard_price`,`age_info`,`route_img`,`mobile_banner`,`pc_banner`,`route_file`,`route_theme_id`,`recommend_config`,`time_length`,`route_class`,`route`.`state`,`route_survey`,`english_shorthand`,`route_video`,`be_similar`,`group_customization`,`style_type`,`price_title`,`people_number_title`,`style_img`,`pc_list_img`,`trip_name` FROM `route` `route` INNER JOIN `route_type` `route_type` ON `route_type`.`type`=`route`.`route_type` WHERE (  `route`.`state` = 1  AND `route`.`route_theme_id` IN ('131') ) AND `route`.`delete_time` IS NULL ORDER BY `route`.`order_list` LIMIT 0,3 [ RunTime:0.033876s ]
[ sql ] [ SQL ] SHOW COLUMNS FROM `route_trip` [ RunTime:0.038304s ]
[ sql ] [ SQL ] SELECT COUNT(*) AS tp_count FROM `route_trip` WHERE (  `route_id` = 388  AND `state` = '1' ) AND `route_trip`.`delete_time` IS NULL LIMIT 1 [ RunTime:0.032156s ]
[ sql ] [ SQL ] SHOW COLUMNS FROM `file_info` [ RunTime:0.033519s ]
[ sql ] [ SQL ] SELECT `url` FROM `file_info` WHERE (  `file_id` IN (1279) ) AND `file_info`.`delete_time` IS NULL [ RunTime:0.032169s ]
[ sql ] [ SQL ] SELECT `url` FROM `file_info` WHERE (  `file_id` = 1280 ) AND `file_info`.`delete_time` IS NULL LIMIT 1 [ RunTime:0.031146s ]
[ sql ] [ SQL ] SELECT `url` FROM `file_info` WHERE (  `file_id` IN (1282) ) AND `file_info`.`delete_time` IS NULL [ RunTime:0.031259s ]
[ sql ] [ SQL ] SELECT `url` FROM `file_info` WHERE (  `file_id` IN (1283) ) AND `file_info`.`delete_time` IS NULL [ RunTime:0.031661s ]
[ sql ] [ SQL ] SELECT `url` FROM `file_info` WHERE (  `file_id` = 1284 ) AND `file_info`.`delete_time` IS NULL LIMIT 1 [ RunTime:0.030375s ]
[ sql ] [ SQL ] SELECT COUNT(*) AS tp_count FROM `route` `route` INNER JOIN `route_type` `route_type` ON `route_type`.`type`=`route`.`route_type` WHERE (  `route`.`state` = 1  AND `route`.`route_theme_id` IN ('131') ) AND `route`.`delete_time` IS NULL LIMIT 1 [ RunTime:0.032455s ]
---------------------------------------------------------------
[ 2020-01-09T12:15:20+08:00 ] 127.0.0.1 127.0.0.1 POST /v1/getRouteList
[ info ] travel.com/v1/getRouteList [运行时间：3.773756s][吞吐率：0.26req/s] [内存消耗：3,616.73kb] [文件加载：59]
[ info ] [ LANG ] F:\phpstudy_pro\WWW\travel_order\thinkphp\lang\zh-cn.php
[ info ] [ ROUTE ] array (
  'type' => 'module',
  'module' => 
  array (
    0 => 'index',
    1 => 'Route',
    2 => 'getRouteList',
  ),
  'convert' => false,
)
[ info ] [ HEADER ] array (
  'accept-language' => 'zh-CN,zh;q=0.9,en;q=0.8',
  'accept-encoding' => 'gzip, deflate',
  'accept' => '*/*',
  'content-type' => 'text/plain;charset=UTF-8',
  'user-agent' => 'Mozilla/5.0 (Windows NT 10.0; Win64; x64) AppleWebKit/537.36 (KHTML, like Gecko) Chrome/79.0.3945.88 Safari/537.36',
  'origin' => 'chrome-extension://coohjcphdfgbiolnekdpbcijmhambjff',
  'cache-control' => 'no-cache',
  'content-length' => '47',
  'connection' => 'close',
  'host' => 'travel.com',
)
[ info ] [ PARAM ] array (
  '/v1/getRouteList' => '',
)
[ info ] [ DB ] INIT mysql
[ info ] [ RUN ] app\index\controller\Route->getRouteList[ F:\phpstudy_pro\WWW\travel_order\application\index\controller\Route.php ]
[ info ] [ LOG ] INIT File
[ sql ] [ DB ] CONNECT:[ UseTime:3.053452s ] mysql:dbname=db_travelOrder;host=101.132.180.215;charset=utf8
[ sql ] [ SQL ] SHOW COLUMNS FROM `order` [ RunTime:0.033877s ]
[ sql ] [ SQL ] UPDATE `order`  SET `order_state`=3  WHERE (  `order_state` IN (1,2,10)  AND `create_time` <= 1578370516 ) AND `order`.`delete_time` IS NULL [ RunTime:0.037242s ]
[ sql ] [ SQL ] SHOW COLUMNS FROM `route` [ RunTime:0.034380s ]
[ sql ] [ SQL ] SELECT `route_id`,`route_type`,`area_id`,`region_id`,`international_id`,`country_id`,`route_name`,`route_slogan`,`route_describe`,route_type.name route_type_name,`pc_banner2`,`strength_number`,`culture_number`,`edition_info`,`standard_price`,`age_info`,`route_img`,`mobile_banner`,`pc_banner`,`route_file`,`route_theme_id`,`recommend_config`,`time_length`,`route_class`,`route`.`state`,`route_survey`,`english_shorthand`,`route_video`,`be_similar`,`group_customization`,`style_type`,`price_title`,`people_number_title`,`style_img`,`pc_list_img`,`trip_name` FROM `route` `route` INNER JOIN `route_type` `route_type` ON `route_type`.`type`=`route`.`route_type` WHERE (  `route`.`state` = 1  AND `route`.`route_theme_id` IN ('62') ) AND `route`.`delete_time` IS NULL ORDER BY `route`.`order_list` LIMIT 0,3 [ RunTime:0.036392s ]
[ sql ] [ SQL ] SHOW COLUMNS FROM `route_trip` [ RunTime:0.033545s ]
[ sql ] [ SQL ] SELECT COUNT(*) AS tp_count FROM `route_trip` WHERE (  `route_id` = 367  AND `state` = '1' ) AND `route_trip`.`delete_time` IS NULL LIMIT 1 [ RunTime:0.033242s ]
[ sql ] [ SQL ] SHOW COLUMNS FROM `file_info` [ RunTime:0.033581s ]
[ sql ] [ SQL ] SELECT `url` FROM `file_info` WHERE (  `file_id` IN (994) ) AND `file_info`.`delete_time` IS NULL [ RunTime:0.033121s ]
[ sql ] [ SQL ] SELECT `url` FROM `file_info` WHERE (  `file_id` = 995 ) AND `file_info`.`delete_time` IS NULL LIMIT 1 [ RunTime:0.033418s ]
[ sql ] [ SQL ] SELECT `url` FROM `file_info` WHERE (  `file_id` IN (997) ) AND `file_info`.`delete_time` IS NULL [ RunTime:0.033202s ]
[ sql ] [ SQL ] SELECT `url` FROM `file_info` WHERE (  `file_id` IN (1079) ) AND `file_info`.`delete_time` IS NULL [ RunTime:0.033084s ]
[ sql ] [ SQL ] SELECT `url` FROM `file_info` WHERE (  `file_id` = 993 ) AND `file_info`.`delete_time` IS NULL LIMIT 1 [ RunTime:0.032899s ]
[ sql ] [ SQL ] SELECT COUNT(*) AS tp_count FROM `route_trip` WHERE (  `route_id` = 332  AND `state` = '1' ) AND `route_trip`.`delete_time` IS NULL LIMIT 1 [ RunTime:0.033401s ]
[ sql ] [ SQL ] SELECT `url` FROM `file_info` WHERE (  `file_id` IN (835) ) AND `file_info`.`delete_time` IS NULL [ RunTime:0.033166s ]
[ sql ] [ SQL ] SELECT `url` FROM `file_info` WHERE (  `file_id` = 836 ) AND `file_info`.`delete_time` IS NULL LIMIT 1 [ RunTime:0.033088s ]
[ sql ] [ SQL ] SELECT `url` FROM `file_info` WHERE (  `file_id` IN (837) ) AND `file_info`.`delete_time` IS NULL [ RunTime:0.033295s ]
[ sql ] [ SQL ] SELECT `url` FROM `file_info` WHERE (  `file_id` IN (838) ) AND `file_info`.`delete_time` IS NULL [ RunTime:0.033207s ]
[ sql ] [ SQL ] SELECT `url` FROM `file_info` WHERE (  `file_id` = 840 ) AND `file_info`.`delete_time` IS NULL LIMIT 1 [ RunTime:0.033231s ]
[ sql ] [ SQL ] SELECT COUNT(*) AS tp_count FROM `route` `route` INNER JOIN `route_type` `route_type` ON `route_type`.`type`=`route`.`route_type` WHERE (  `route`.`state` = 1  AND `route`.`route_theme_id` IN ('62') ) AND `route`.`delete_time` IS NULL LIMIT 1 [ RunTime:0.034354s ]
---------------------------------------------------------------
[ 2020-01-09T12:16:37+08:00 ] 127.0.0.1 127.0.0.1 POST /v1/getRouteList
[ info ] travel.com/v1/getRouteList [运行时间：0.896432s][吞吐率：1.12req/s] [内存消耗：3,633.28kb] [文件加载：59]
[ info ] [ LANG ] F:\phpstudy_pro\WWW\travel_order\thinkphp\lang\zh-cn.php
[ info ] [ ROUTE ] array (
  'type' => 'module',
  'module' => 
  array (
    0 => 'index',
    1 => 'Route',
    2 => 'getRouteList',
  ),
  'convert' => false,
)
[ info ] [ HEADER ] array (
  'accept-language' => 'zh-CN,zh;q=0.9,en;q=0.8',
  'accept-encoding' => 'gzip, deflate',
  'accept' => '*/*',
  'content-type' => 'text/plain;charset=UTF-8',
  'user-agent' => 'Mozilla/5.0 (Windows NT 10.0; Win64; x64) AppleWebKit/537.36 (KHTML, like Gecko) Chrome/79.0.3945.88 Safari/537.36',
  'origin' => 'chrome-extension://coohjcphdfgbiolnekdpbcijmhambjff',
  'cache-control' => 'no-cache',
  'content-length' => '47',
  'connection' => 'close',
  'host' => 'travel.com',
)
[ info ] [ PARAM ] array (
  '/v1/getRouteList' => '',
)
[ info ] [ DB ] INIT mysql
[ info ] [ RUN ] app\index\controller\Route->getRouteList[ F:\phpstudy_pro\WWW\travel_order\application\index\controller\Route.php ]
[ info ] [ LOG ] INIT File
[ sql ] [ DB ] CONNECT:[ UseTime:0.046301s ] mysql:dbname=db_travelOrder;host=101.132.180.215;charset=utf8
[ sql ] [ SQL ] SHOW COLUMNS FROM `order` [ RunTime:0.031853s ]
[ sql ] [ SQL ] UPDATE `order`  SET `order_state`=3  WHERE (  `order_state` IN (1,2,10)  AND `create_time` <= 1578370597 ) AND `order`.`delete_time` IS NULL [ RunTime:0.033478s ]
[ sql ] [ SQL ] SHOW COLUMNS FROM `route` [ RunTime:0.032264s ]
[ sql ] [ SQL ] SELECT `route_id`,`route_type`,`area_id`,`region_id`,`international_id`,`country_id`,`route_name`,`route_slogan`,`route_describe`,route_type.name route_type_name,`pc_banner2`,`strength_number`,`culture_number`,`edition_info`,`standard_price`,`age_info`,`route_img`,`mobile_banner`,`pc_banner`,`route_file`,`route_theme_id`,`recommend_config`,`time_length`,`route_class`,`route`.`state`,`route_survey`,`english_shorthand`,`route_video`,`be_similar`,`group_customization`,`style_type`,`price_title`,`people_number_title`,`style_img`,`pc_list_img`,`trip_name` FROM `route` `route` INNER JOIN `route_type` `route_type` ON `route_type`.`type`=`route`.`route_type` WHERE (  `route`.`state` = 1  AND `route`.`route_theme_id` IN ('89') ) AND `route`.`delete_time` IS NULL ORDER BY `route`.`order_list` LIMIT 0,3 [ RunTime:0.032433s ]
[ sql ] [ SQL ] SHOW COLUMNS FROM `route_trip` [ RunTime:0.030138s ]
[ sql ] [ SQL ] SELECT COUNT(*) AS tp_count FROM `route_trip` WHERE (  `route_id` = 359  AND `state` = '1' ) AND `route_trip`.`delete_time` IS NULL LIMIT 1 [ RunTime:0.030157s ]
[ sql ] [ SQL ] SHOW COLUMNS FROM `file_info` [ RunTime:0.030302s ]
[ sql ] [ SQL ] SELECT `url` FROM `file_info` WHERE (  `file_id` IN (969) ) AND `file_info`.`delete_time` IS NULL [ RunTime:0.030176s ]
[ sql ] [ SQL ] SELECT `url` FROM `file_info` WHERE (  `file_id` = 970 ) AND `file_info`.`delete_time` IS NULL LIMIT 1 [ RunTime:0.030104s ]
[ sql ] [ SQL ] SELECT `url` FROM `file_info` WHERE (  `file_id` IN (953) ) AND `file_info`.`delete_time` IS NULL [ RunTime:0.029330s ]
[ sql ] [ SQL ] SELECT `url` FROM `file_info` WHERE (  `file_id` IN (954,955,972) ) AND `file_info`.`delete_time` IS NULL [ RunTime:0.029783s ]
[ sql ] [ SQL ] SELECT `url` FROM `file_info` WHERE (  `file_id` = 971 ) AND `file_info`.`delete_time` IS NULL LIMIT 1 [ RunTime:0.029265s ]
[ sql ] [ SQL ] SELECT COUNT(*) AS tp_count FROM `route_trip` WHERE (  `route_id` = 382  AND `state` = '1' ) AND `route_trip`.`delete_time` IS NULL LIMIT 1 [ RunTime:0.029206s ]
[ sql ] [ SQL ] SELECT `url` FROM `file_info` WHERE (  `file_id` IN (1139) ) AND `file_info`.`delete_time` IS NULL [ RunTime:0.029083s ]
[ sql ] [ SQL ] SELECT `url` FROM `file_info` WHERE (  `file_id` = 1140 ) AND `file_info`.`delete_time` IS NULL LIMIT 1 [ RunTime:0.030187s ]
[ sql ] [ SQL ] SELECT `url` FROM `file_info` WHERE (  `file_id` IN (1142) ) AND `file_info`.`delete_time` IS NULL [ RunTime:0.029391s ]
[ sql ] [ SQL ] SELECT `url` FROM `file_info` WHERE (  `file_id` IN (1143) ) AND `file_info`.`delete_time` IS NULL [ RunTime:0.029172s ]
[ sql ] [ SQL ] SELECT `url` FROM `file_info` WHERE (  `file_id` = 1144 ) AND `file_info`.`delete_time` IS NULL LIMIT 1 [ RunTime:0.029342s ]
[ sql ] [ SQL ] SELECT COUNT(*) AS tp_count FROM `route_trip` WHERE (  `route_id` = 391  AND `state` = '1' ) AND `route_trip`.`delete_time` IS NULL LIMIT 1 [ RunTime:0.029819s ]
[ sql ] [ SQL ] SELECT `url` FROM `file_info` WHERE (  `file_id` IN (1289) ) AND `file_info`.`delete_time` IS NULL [ RunTime:0.029336s ]
[ sql ] [ SQL ] SELECT `url` FROM `file_info` WHERE (  `file_id` = 1290 ) AND `file_info`.`delete_time` IS NULL LIMIT 1 [ RunTime:0.029749s ]
[ sql ] [ SQL ] SELECT `url` FROM `file_info` WHERE (  `file_id` IN (1292) ) AND `file_info`.`delete_time` IS NULL [ RunTime:0.029205s ]
[ sql ] [ SQL ] SELECT `url` FROM `file_info` WHERE (  `file_id` IN (1293,1294,1295) ) AND `file_info`.`delete_time` IS NULL [ RunTime:0.030067s ]
[ sql ] [ SQL ] SELECT `url` FROM `file_info` WHERE (  `file_id` = 1296 ) AND `file_info`.`delete_time` IS NULL LIMIT 1 [ RunTime:0.029273s ]
[ sql ] [ SQL ] SELECT COUNT(*) AS tp_count FROM `route` `route` INNER JOIN `route_type` `route_type` ON `route_type`.`type`=`route`.`route_type` WHERE (  `route`.`state` = 1  AND `route`.`route_theme_id` IN ('89') ) AND `route`.`delete_time` IS NULL LIMIT 1 [ RunTime:0.030848s ]
---------------------------------------------------------------
[ 2020-01-09T12:16:52+08:00 ] 127.0.0.1 127.0.0.1 POST /v1/getRouteList
[ info ] travel.com/v1/getRouteList [运行时间：0.918633s][吞吐率：1.09req/s] [内存消耗：3,633.22kb] [文件加载：59]
[ info ] [ LANG ] F:\phpstudy_pro\WWW\travel_order\thinkphp\lang\zh-cn.php
[ info ] [ ROUTE ] array (
  'type' => 'module',
  'module' => 
  array (
    0 => 'index',
    1 => 'Route',
    2 => 'getRouteList',
  ),
  'convert' => false,
)
[ info ] [ HEADER ] array (
  'accept-language' => 'zh-CN,zh;q=0.9,en;q=0.8',
  'accept-encoding' => 'gzip, deflate',
  'accept' => '*/*',
  'content-type' => 'text/plain;charset=UTF-8',
  'user-agent' => 'Mozilla/5.0 (Windows NT 10.0; Win64; x64) AppleWebKit/537.36 (KHTML, like Gecko) Chrome/79.0.3945.88 Safari/537.36',
  'origin' => 'chrome-extension://coohjcphdfgbiolnekdpbcijmhambjff',
  'cache-control' => 'no-cache',
  'content-length' => '47',
  'connection' => 'close',
  'host' => 'travel.com',
)
[ info ] [ PARAM ] array (
  '/v1/getRouteList' => '',
)
[ info ] [ DB ] INIT mysql
[ info ] [ RUN ] app\index\controller\Route->getRouteList[ F:\phpstudy_pro\WWW\travel_order\application\index\controller\Route.php ]
[ info ] [ LOG ] INIT File
[ sql ] [ DB ] CONNECT:[ UseTime:0.046049s ] mysql:dbname=db_travelOrder;host=101.132.180.215;charset=utf8
[ sql ] [ SQL ] SHOW COLUMNS FROM `order` [ RunTime:0.029975s ]
[ sql ] [ SQL ] UPDATE `order`  SET `order_state`=3  WHERE (  `order_state` IN (1,2,10)  AND `create_time` <= 1578370611 ) AND `order`.`delete_time` IS NULL [ RunTime:0.033054s ]
[ sql ] [ SQL ] SHOW COLUMNS FROM `route` [ RunTime:0.031232s ]
[ sql ] [ SQL ] SELECT `route_id`,`route_type`,`area_id`,`region_id`,`international_id`,`country_id`,`route_name`,`route_slogan`,`route_describe`,route_type.name route_type_name,`pc_banner2`,`strength_number`,`culture_number`,`edition_info`,`standard_price`,`age_info`,`route_img`,`mobile_banner`,`pc_banner`,`route_file`,`route_theme_id`,`recommend_config`,`time_length`,`route_class`,`route`.`state`,`route_survey`,`english_shorthand`,`route_video`,`be_similar`,`group_customization`,`style_type`,`price_title`,`people_number_title`,`style_img`,`pc_list_img`,`trip_name` FROM `route` `route` INNER JOIN `route_type` `route_type` ON `route_type`.`type`=`route`.`route_type` WHERE (  `route`.`state` = 1  AND `route`.`route_theme_id` IN ('89') ) AND `route`.`delete_time` IS NULL ORDER BY `route`.`order_list` LIMIT 3,3 [ RunTime:0.032314s ]
[ sql ] [ SQL ] SHOW COLUMNS FROM `route_trip` [ RunTime:0.029669s ]
[ sql ] [ SQL ] SELECT COUNT(*) AS tp_count FROM `route_trip` WHERE (  `route_id` = 368  AND `state` = '1' ) AND `route_trip`.`delete_time` IS NULL LIMIT 1 [ RunTime:0.029579s ]
[ sql ] [ SQL ] SHOW COLUMNS FROM `file_info` [ RunTime:0.029926s ]
[ sql ] [ SQL ] SELECT `url` FROM `file_info` WHERE (  `file_id` IN (987) ) AND `file_info`.`delete_time` IS NULL [ RunTime:0.035437s ]
[ sql ] [ SQL ] SELECT `url` FROM `file_info` WHERE (  `file_id` = 988 ) AND `file_info`.`delete_time` IS NULL LIMIT 1 [ RunTime:0.029381s ]
[ sql ] [ SQL ] SELECT `url` FROM `file_info` WHERE (  `file_id` IN (990) ) AND `file_info`.`delete_time` IS NULL [ RunTime:0.029729s ]
[ sql ] [ SQL ] SELECT `url` FROM `file_info` WHERE (  `file_id` IN (991) ) AND `file_info`.`delete_time` IS NULL [ RunTime:0.028946s ]
[ sql ] [ SQL ] SELECT `url` FROM `file_info` WHERE (  `file_id` = 992 ) AND `file_info`.`delete_time` IS NULL LIMIT 1 [ RunTime:0.029241s ]
[ sql ] [ SQL ] SELECT COUNT(*) AS tp_count FROM `route_trip` WHERE (  `route_id` = 363  AND `state` = '1' ) AND `route_trip`.`delete_time` IS NULL LIMIT 1 [ RunTime:0.029958s ]
[ sql ] [ SQL ] SELECT `url` FROM `file_info` WHERE (  `file_id` IN (933) ) AND `file_info`.`delete_time` IS NULL [ RunTime:0.029352s ]
[ sql ] [ SQL ] SELECT `url` FROM `file_info` WHERE (  `file_id` = 934 ) AND `file_info`.`delete_time` IS NULL LIMIT 1 [ RunTime:0.030105s ]
[ sql ] [ SQL ] SELECT `url` FROM `file_info` WHERE (  `file_id` IN (936) ) AND `file_info`.`delete_time` IS NULL [ RunTime:0.029230s ]
[ sql ] [ SQL ] SELECT `url` FROM `file_info` WHERE (  `file_id` IN (937) ) AND `file_info`.`delete_time` IS NULL [ RunTime:0.029906s ]
[ sql ] [ SQL ] SELECT `url` FROM `file_info` WHERE (  `file_id` = 938 ) AND `file_info`.`delete_time` IS NULL LIMIT 1 [ RunTime:0.029265s ]
[ sql ] [ SQL ] SELECT COUNT(*) AS tp_count FROM `route_trip` WHERE (  `route_id` = 385  AND `state` = '1' ) AND `route_trip`.`delete_time` IS NULL LIMIT 1 [ RunTime:0.029320s ]
[ sql ] [ SQL ] SELECT `url` FROM `file_info` WHERE (  `file_id` IN (1209) ) AND `file_info`.`delete_time` IS NULL [ RunTime:0.030481s ]
[ sql ] [ SQL ] SELECT `url` FROM `file_info` WHERE (  `file_id` = 1210 ) AND `file_info`.`delete_time` IS NULL LIMIT 1 [ RunTime:0.029441s ]
[ sql ] [ SQL ] SELECT `url` FROM `file_info` WHERE (  `file_id` IN (739,740) ) AND `file_info`.`delete_time` IS NULL [ RunTime:0.030069s ]
[ sql ] [ SQL ] SELECT `url` FROM `file_info` WHERE (  `file_id` IN (741,744,746,747) ) AND `file_info`.`delete_time` IS NULL [ RunTime:0.032186s ]
[ sql ] [ SQL ] SELECT `url` FROM `file_info` WHERE (  `file_id` = 1211 ) AND `file_info`.`delete_time` IS NULL LIMIT 1 [ RunTime:0.029679s ]
[ sql ] [ SQL ] SELECT COUNT(*) AS tp_count FROM `route` `route` INNER JOIN `route_type` `route_type` ON `route_type`.`type`=`route`.`route_type` WHERE (  `route`.`state` = 1  AND `route`.`route_theme_id` IN ('89') ) AND `route`.`delete_time` IS NULL LIMIT 1 [ RunTime:0.029391s ]
---------------------------------------------------------------
[ 2020-01-09T12:17:09+08:00 ] 127.0.0.1 127.0.0.1 POST /v1/getRouteList
[ info ] travel.com/v1/getRouteList [运行时间：0.535996s][吞吐率：1.87req/s] [内存消耗：3,599.09kb] [文件加载：59]
[ info ] [ LANG ] F:\phpstudy_pro\WWW\travel_order\thinkphp\lang\zh-cn.php
[ info ] [ ROUTE ] array (
  'type' => 'module',
  'module' => 
  array (
    0 => 'index',
    1 => 'Route',
    2 => 'getRouteList',
  ),
  'convert' => false,
)
[ info ] [ HEADER ] array (
  'accept-language' => 'zh-CN,zh;q=0.9,en;q=0.8',
  'accept-encoding' => 'gzip, deflate',
  'accept' => '*/*',
  'content-type' => 'text/plain;charset=UTF-8',
  'user-agent' => 'Mozilla/5.0 (Windows NT 10.0; Win64; x64) AppleWebKit/537.36 (KHTML, like Gecko) Chrome/79.0.3945.88 Safari/537.36',
  'origin' => 'chrome-extension://coohjcphdfgbiolnekdpbcijmhambjff',
  'cache-control' => 'no-cache',
  'content-length' => '48',
  'connection' => 'close',
  'host' => 'travel.com',
)
[ info ] [ PARAM ] array (
  '/v1/getRouteList' => '',
)
[ info ] [ DB ] INIT mysql
[ info ] [ RUN ] app\index\controller\Route->getRouteList[ F:\phpstudy_pro\WWW\travel_order\application\index\controller\Route.php ]
[ info ] [ LOG ] INIT File
[ sql ] [ DB ] CONNECT:[ UseTime:0.046995s ] mysql:dbname=db_travelOrder;host=101.132.180.215;charset=utf8
[ sql ] [ SQL ] SHOW COLUMNS FROM `order` [ RunTime:0.032813s ]
[ sql ] [ SQL ] UPDATE `order`  SET `order_state`=3  WHERE (  `order_state` IN (1,2,10)  AND `create_time` <= 1578370628 ) AND `order`.`delete_time` IS NULL [ RunTime:0.034666s ]
[ sql ] [ SQL ] SHOW COLUMNS FROM `route` [ RunTime:0.032725s ]
[ sql ] [ SQL ] SELECT `route_id`,`route_type`,`area_id`,`region_id`,`international_id`,`country_id`,`route_name`,`route_slogan`,`route_describe`,route_type.name route_type_name,`pc_banner2`,`strength_number`,`culture_number`,`edition_info`,`standard_price`,`age_info`,`route_img`,`mobile_banner`,`pc_banner`,`route_file`,`route_theme_id`,`recommend_config`,`time_length`,`route_class`,`route`.`state`,`route_survey`,`english_shorthand`,`route_video`,`be_similar`,`group_customization`,`style_type`,`price_title`,`people_number_title`,`style_img`,`pc_list_img`,`trip_name` FROM `route` `route` INNER JOIN `route_type` `route_type` ON `route_type`.`type`=`route`.`route_type` WHERE (  `route`.`state` = 1  AND `route`.`route_theme_id` IN ('128') ) AND `route`.`delete_time` IS NULL ORDER BY `route`.`order_list` LIMIT 0,3 [ RunTime:0.034245s ]
[ sql ] [ SQL ] SHOW COLUMNS FROM `route_trip` [ RunTime:0.031655s ]
[ sql ] [ SQL ] SELECT COUNT(*) AS tp_count FROM `route_trip` WHERE (  `route_id` = 384  AND `state` = '1' ) AND `route_trip`.`delete_time` IS NULL LIMIT 1 [ RunTime:0.032125s ]
[ sql ] [ SQL ] SHOW COLUMNS FROM `file_info` [ RunTime:0.031820s ]
[ sql ] [ SQL ] SELECT `url` FROM `file_info` WHERE (  `file_id` IN (1189) ) AND `file_info`.`delete_time` IS NULL [ RunTime:0.031734s ]
[ sql ] [ SQL ] SELECT `url` FROM `file_info` WHERE (  `file_id` = 1190 ) AND `file_info`.`delete_time` IS NULL LIMIT 1 [ RunTime:0.030820s ]
[ sql ] [ SQL ] SELECT `url` FROM `file_info` WHERE (  `file_id` IN (1192) ) AND `file_info`.`delete_time` IS NULL [ RunTime:0.030952s ]
[ sql ] [ SQL ] SELECT `url` FROM `file_info` WHERE (  `file_id` IN (1193,1194,1195) ) AND `file_info`.`delete_time` IS NULL [ RunTime:0.030877s ]
[ sql ] [ SQL ] SELECT `url` FROM `file_info` WHERE (  `file_id` = 1196 ) AND `file_info`.`delete_time` IS NULL LIMIT 1 [ RunTime:0.029909s ]
[ sql ] [ SQL ] SELECT COUNT(*) AS tp_count FROM `route` `route` INNER JOIN `route_type` `route_type` ON `route_type`.`type`=`route`.`route_type` WHERE (  `route`.`state` = 1  AND `route`.`route_theme_id` IN ('128') ) AND `route`.`delete_time` IS NULL LIMIT 1 [ RunTime:0.031586s ]
---------------------------------------------------------------
[ 2020-01-09T12:17:16+08:00 ] 127.0.0.1 127.0.0.1 POST /v1/getRouteList
[ info ] travel.com/v1/getRouteList [运行时间：0.375141s][吞吐率：2.67req/s] [内存消耗：3,510.41kb] [文件加载：59]
[ info ] [ LANG ] F:\phpstudy_pro\WWW\travel_order\thinkphp\lang\zh-cn.php
[ info ] [ ROUTE ] array (
  'type' => 'module',
  'module' => 
  array (
    0 => 'index',
    1 => 'Route',
    2 => 'getRouteList',
  ),
  'convert' => false,
)
[ info ] [ HEADER ] array (
  'accept-language' => 'zh-CN,zh;q=0.9,en;q=0.8',
  'accept-encoding' => 'gzip, deflate',
  'accept' => '*/*',
  'content-type' => 'text/plain;charset=UTF-8',
  'user-agent' => 'Mozilla/5.0 (Windows NT 10.0; Win64; x64) AppleWebKit/537.36 (KHTML, like Gecko) Chrome/79.0.3945.88 Safari/537.36',
  'origin' => 'chrome-extension://coohjcphdfgbiolnekdpbcijmhambjff',
  'cache-control' => 'no-cache',
  'content-length' => '48',
  'connection' => 'close',
  'host' => 'travel.com',
)
[ info ] [ PARAM ] array (
  '/v1/getRouteList' => '',
)
[ info ] [ DB ] INIT mysql
[ info ] [ RUN ] app\index\controller\Route->getRouteList[ F:\phpstudy_pro\WWW\travel_order\application\index\controller\Route.php ]
[ info ] [ LOG ] INIT File
[ sql ] [ DB ] CONNECT:[ UseTime:0.067463s ] mysql:dbname=db_travelOrder;host=101.132.180.215;charset=utf8
[ sql ] [ SQL ] SHOW COLUMNS FROM `order` [ RunTime:0.045360s ]
[ sql ] [ SQL ] UPDATE `order`  SET `order_state`=3  WHERE (  `order_state` IN (1,2,10)  AND `create_time` <= 1578370636 ) AND `order`.`delete_time` IS NULL [ RunTime:0.048117s ]
[ sql ] [ SQL ] SHOW COLUMNS FROM `route` [ RunTime:0.046225s ]
[ sql ] [ SQL ] SELECT `route_id`,`route_type`,`area_id`,`region_id`,`international_id`,`country_id`,`route_name`,`route_slogan`,`route_describe`,route_type.name route_type_name,`pc_banner2`,`strength_number`,`culture_number`,`edition_info`,`standard_price`,`age_info`,`route_img`,`mobile_banner`,`pc_banner`,`route_file`,`route_theme_id`,`recommend_config`,`time_length`,`route_class`,`route`.`state`,`route_survey`,`english_shorthand`,`route_video`,`be_similar`,`group_customization`,`style_type`,`price_title`,`people_number_title`,`style_img`,`pc_list_img`,`trip_name` FROM `route` `route` INNER JOIN `route_type` `route_type` ON `route_type`.`type`=`route`.`route_type` WHERE (  `route`.`state` = 1  AND `route`.`route_theme_id` IN ('129') ) AND `route`.`delete_time` IS NULL ORDER BY `route`.`order_list` LIMIT 0,3 [ RunTime:0.046665s ]
[ sql ] [ SQL ] SELECT COUNT(*) AS tp_count FROM `route` `route` INNER JOIN `route_type` `route_type` ON `route_type`.`type`=`route`.`route_type` WHERE (  `route`.`state` = 1  AND `route`.`route_theme_id` IN ('129') ) AND `route`.`delete_time` IS NULL LIMIT 1 [ RunTime:0.045301s ]
---------------------------------------------------------------
[ 2020-01-09T12:17:27+08:00 ] 127.0.0.1 127.0.0.1 POST /v1/getRouteList
[ info ] travel.com/v1/getRouteList [运行时间：0.545053s][吞吐率：1.83req/s] [内存消耗：3,598.77kb] [文件加载：59]
[ info ] [ LANG ] F:\phpstudy_pro\WWW\travel_order\thinkphp\lang\zh-cn.php
[ info ] [ ROUTE ] array (
  'type' => 'module',
  'module' => 
  array (
    0 => 'index',
    1 => 'Route',
    2 => 'getRouteList',
  ),
  'convert' => false,
)
[ info ] [ HEADER ] array (
  'accept-language' => 'zh-CN,zh;q=0.9,en;q=0.8',
  'accept-encoding' => 'gzip, deflate',
  'accept' => '*/*',
  'content-type' => 'text/plain;charset=UTF-8',
  'user-agent' => 'Mozilla/5.0 (Windows NT 10.0; Win64; x64) AppleWebKit/537.36 (KHTML, like Gecko) Chrome/79.0.3945.88 Safari/537.36',
  'origin' => 'chrome-extension://coohjcphdfgbiolnekdpbcijmhambjff',
  'cache-control' => 'no-cache',
  'content-length' => '48',
  'connection' => 'close',
  'host' => 'travel.com',
)
[ info ] [ PARAM ] array (
  '/v1/getRouteList' => '',
)
[ info ] [ DB ] INIT mysql
[ info ] [ RUN ] app\index\controller\Route->getRouteList[ F:\phpstudy_pro\WWW\travel_order\application\index\controller\Route.php ]
[ info ] [ LOG ] INIT File
[ sql ] [ DB ] CONNECT:[ UseTime:0.048328s ] mysql:dbname=db_travelOrder;host=101.132.180.215;charset=utf8
[ sql ] [ SQL ] SHOW COLUMNS FROM `order` [ RunTime:0.031888s ]
[ sql ] [ SQL ] UPDATE `order`  SET `order_state`=3  WHERE (  `order_state` IN (1,2,10)  AND `create_time` <= 1578370646 ) AND `order`.`delete_time` IS NULL [ RunTime:0.035243s ]
[ sql ] [ SQL ] SHOW COLUMNS FROM `route` [ RunTime:0.033006s ]
[ sql ] [ SQL ] SELECT `route_id`,`route_type`,`area_id`,`region_id`,`international_id`,`country_id`,`route_name`,`route_slogan`,`route_describe`,route_type.name route_type_name,`pc_banner2`,`strength_number`,`culture_number`,`edition_info`,`standard_price`,`age_info`,`route_img`,`mobile_banner`,`pc_banner`,`route_file`,`route_theme_id`,`recommend_config`,`time_length`,`route_class`,`route`.`state`,`route_survey`,`english_shorthand`,`route_video`,`be_similar`,`group_customization`,`style_type`,`price_title`,`people_number_title`,`style_img`,`pc_list_img`,`trip_name` FROM `route` `route` INNER JOIN `route_type` `route_type` ON `route_type`.`type`=`route`.`route_type` WHERE (  `route`.`state` = 1  AND `route`.`route_theme_id` IN ('130') ) AND `route`.`delete_time` IS NULL ORDER BY `route`.`order_list` LIMIT 0,3 [ RunTime:0.034716s ]
[ sql ] [ SQL ] SHOW COLUMNS FROM `route_trip` [ RunTime:0.032099s ]
[ sql ] [ SQL ] SELECT COUNT(*) AS tp_count FROM `route_trip` WHERE (  `route_id` = 376  AND `state` = '1' ) AND `route_trip`.`delete_time` IS NULL LIMIT 1 [ RunTime:0.031619s ]
[ sql ] [ SQL ] SHOW COLUMNS FROM `file_info` [ RunTime:0.032050s ]
[ sql ] [ SQL ] SELECT `url` FROM `file_info` WHERE (  `file_id` IN (1055) ) AND `file_info`.`delete_time` IS NULL [ RunTime:0.030936s ]
[ sql ] [ SQL ] SELECT `url` FROM `file_info` WHERE (  `file_id` = 1056 ) AND `file_info`.`delete_time` IS NULL LIMIT 1 [ RunTime:0.031672s ]
[ sql ] [ SQL ] SELECT `url` FROM `file_info` WHERE (  `file_id` IN (1058) ) AND `file_info`.`delete_time` IS NULL [ RunTime:0.031304s ]
[ sql ] [ SQL ] SELECT `url` FROM `file_info` WHERE (  `file_id` IN (1059) ) AND `file_info`.`delete_time` IS NULL [ RunTime:0.032128s ]
[ sql ] [ SQL ] SELECT `url` FROM `file_info` WHERE (  `file_id` = 1060 ) AND `file_info`.`delete_time` IS NULL LIMIT 1 [ RunTime:0.031104s ]
[ sql ] [ SQL ] SELECT COUNT(*) AS tp_count FROM `route` `route` INNER JOIN `route_type` `route_type` ON `route_type`.`type`=`route`.`route_type` WHERE (  `route`.`state` = 1  AND `route`.`route_theme_id` IN ('130') ) AND `route`.`delete_time` IS NULL LIMIT 1 [ RunTime:0.031845s ]
---------------------------------------------------------------
[ 2020-01-09T12:17:35+08:00 ] 127.0.0.1 127.0.0.1 POST /v1/getRouteList
[ info ] travel.com/v1/getRouteList [运行时间：0.519117s][吞吐率：1.93req/s] [内存消耗：3,598.73kb] [文件加载：59]
[ info ] [ LANG ] F:\phpstudy_pro\WWW\travel_order\thinkphp\lang\zh-cn.php
[ info ] [ ROUTE ] array (
  'type' => 'module',
  'module' => 
  array (
    0 => 'index',
    1 => 'Route',
    2 => 'getRouteList',
  ),
  'convert' => false,
)
[ info ] [ HEADER ] array (
  'accept-language' => 'zh-CN,zh;q=0.9,en;q=0.8',
  'accept-encoding' => 'gzip, deflate',
  'accept' => '*/*',
  'content-type' => 'text/plain;charset=UTF-8',
  'user-agent' => 'Mozilla/5.0 (Windows NT 10.0; Win64; x64) AppleWebKit/537.36 (KHTML, like Gecko) Chrome/79.0.3945.88 Safari/537.36',
  'origin' => 'chrome-extension://coohjcphdfgbiolnekdpbcijmhambjff',
  'cache-control' => 'no-cache',
  'content-length' => '48',
  'connection' => 'close',
  'host' => 'travel.com',
)
[ info ] [ PARAM ] array (
  '/v1/getRouteList' => '',
)
[ info ] [ DB ] INIT mysql
[ info ] [ RUN ] app\index\controller\Route->getRouteList[ F:\phpstudy_pro\WWW\travel_order\application\index\controller\Route.php ]
[ info ] [ LOG ] INIT File
[ sql ] [ DB ] CONNECT:[ UseTime:0.045196s ] mysql:dbname=db_travelOrder;host=101.132.180.215;charset=utf8
[ sql ] [ SQL ] SHOW COLUMNS FROM `order` [ RunTime:0.030868s ]
[ sql ] [ SQL ] UPDATE `order`  SET `order_state`=3  WHERE (  `order_state` IN (1,2,10)  AND `create_time` <= 1578370655 ) AND `order`.`delete_time` IS NULL [ RunTime:0.038564s ]
[ sql ] [ SQL ] SHOW COLUMNS FROM `route` [ RunTime:0.030412s ]
[ sql ] [ SQL ] SELECT `route_id`,`route_type`,`area_id`,`region_id`,`international_id`,`country_id`,`route_name`,`route_slogan`,`route_describe`,route_type.name route_type_name,`pc_banner2`,`strength_number`,`culture_number`,`edition_info`,`standard_price`,`age_info`,`route_img`,`mobile_banner`,`pc_banner`,`route_file`,`route_theme_id`,`recommend_config`,`time_length`,`route_class`,`route`.`state`,`route_survey`,`english_shorthand`,`route_video`,`be_similar`,`group_customization`,`style_type`,`price_title`,`people_number_title`,`style_img`,`pc_list_img`,`trip_name` FROM `route` `route` INNER JOIN `route_type` `route_type` ON `route_type`.`type`=`route`.`route_type` WHERE (  `route`.`state` = 1  AND `route`.`route_theme_id` IN ('131') ) AND `route`.`delete_time` IS NULL ORDER BY `route`.`order_list` LIMIT 0,3 [ RunTime:0.030404s ]
[ sql ] [ SQL ] SHOW COLUMNS FROM `route_trip` [ RunTime:0.029705s ]
[ sql ] [ SQL ] SELECT COUNT(*) AS tp_count FROM `route_trip` WHERE (  `route_id` = 388  AND `state` = '1' ) AND `route_trip`.`delete_time` IS NULL LIMIT 1 [ RunTime:0.029609s ]
[ sql ] [ SQL ] SHOW COLUMNS FROM `file_info` [ RunTime:0.030306s ]
[ sql ] [ SQL ] SELECT `url` FROM `file_info` WHERE (  `file_id` IN (1279) ) AND `file_info`.`delete_time` IS NULL [ RunTime:0.028958s ]
[ sql ] [ SQL ] SELECT `url` FROM `file_info` WHERE (  `file_id` = 1280 ) AND `file_info`.`delete_time` IS NULL LIMIT 1 [ RunTime:0.028917s ]
[ sql ] [ SQL ] SELECT `url` FROM `file_info` WHERE (  `file_id` IN (1282) ) AND `file_info`.`delete_time` IS NULL [ RunTime:0.029062s ]
[ sql ] [ SQL ] SELECT `url` FROM `file_info` WHERE (  `file_id` IN (1283) ) AND `file_info`.`delete_time` IS NULL [ RunTime:0.028804s ]
[ sql ] [ SQL ] SELECT `url` FROM `file_info` WHERE (  `file_id` = 1284 ) AND `file_info`.`delete_time` IS NULL LIMIT 1 [ RunTime:0.029386s ]
[ sql ] [ SQL ] SELECT COUNT(*) AS tp_count FROM `route` `route` INNER JOIN `route_type` `route_type` ON `route_type`.`type`=`route`.`route_type` WHERE (  `route`.`state` = 1  AND `route`.`route_theme_id` IN ('131') ) AND `route`.`delete_time` IS NULL LIMIT 1 [ RunTime:0.030786s ]
